2022-02-13 11:46:43,367 INFO: ============================================================
2022-02-13 11:46:43,368 INFO: This is the beginning of a new run of the Study Cards application
2022-02-13 11:46:43,368 INFO: ============================================================
2022-02-13 11:46:47,211 INFO: Read work file: work_file_1003.txt
2022-02-13 11:46:47,266 INFO: Study Set: Verbs 
2022-02-13 11:46:53,208 INFO: Main Window is closing. Writing the configuration to JSON file
2022-02-13 11:49:50,814 INFO: ============================================================
2022-02-13 11:49:50,814 INFO: This is the beginning of a new run of the Study Cards application
2022-02-13 11:49:50,814 INFO: ============================================================
2022-02-13 11:49:53,561 INFO: Read work file: work_file_1010.txt
2022-02-13 11:49:53,578 WARNING: Possible duplicate terms were found:
2022-02-13 11:49:53,578 WARNING: line number 0: (il) Conoscereline number 2:     conoscere
2022-02-13 11:49:53,578 WARNING: Possible duplicate terms were found:
2022-02-13 11:49:53,578 WARNING: line number 7: la teline number 8:  te
2022-02-13 11:49:53,579 INFO: Study Set: Test 
2022-02-13 11:49:57,399 INFO: Main Window is closing. Writing the configuration to JSON file
2022-02-13 11:51:23,377 INFO: ============================================================
2022-02-13 11:51:23,377 INFO: This is the beginning of a new run of the Study Cards application
2022-02-13 11:51:23,378 INFO: ============================================================
2022-02-13 11:51:26,145 INFO: Read work file: work_file_1010.txt
2022-02-13 11:51:26,186 WARNING: Possible duplicate terms were found:
2022-02-13 11:51:26,186 WARNING: line number 0: (il) Conoscere  vs.  line number 2:     conoscere
2022-02-13 11:51:26,186 WARNING: Possible duplicate terms were found:
2022-02-13 11:51:26,186 WARNING: line number 7: la te  vs.  line number 8:  te
2022-02-13 11:51:26,187 INFO: Study Set: Test 
2022-02-13 11:51:29,338 INFO: Main Window is closing. Writing the configuration to JSON file
