2022-02-13 20:25:01,510 INFO ============================================================
2022-02-13 20:25:01,510 INFO This is the beginning of a new run of the Study Cards application
2022-02-13 20:25:01,510 INFO ============================================================
2022-02-13 20:25:04,426 DEBUG The file work_file_1010.txt was found
2022-02-13 20:25:04,426 DEBUG No file importing was performed
2022-02-13 20:25:04,426 INFO Read work file: work_file_1010.txt
2022-02-13 20:25:04,434 DEBUG The 1st line from the work file: ['(il) Conoscere', 'to know', 'Italian tagged med{23231}', 'English not tagged\n']
2022-02-13 20:25:04,444 DEBUG Checking for duplicates in study set:Test
2022-02-13 20:25:04,444 WARNING Possible duplicate terms were found:
2022-02-13 20:25:04,444 WARNING line number 0: (il) Conoscere  vs.  line number 2:     conoscere
2022-02-13 20:25:04,444 WARNING Possible duplicate terms were found:
2022-02-13 20:25:04,444 WARNING line number 7: la te  vs.  line number 8:  te
2022-02-13 20:25:04,445 INFO Study Set: Test 
2022-02-13 20:25:11,077 DEBUG TAG NEW!!!!!!!!! Module:presnt_frame Line:9
2022-02-13 20:25:19,163 DEBUG study set configuration was saved to JSON file
2022-02-13 20:25:20,647 INFO Main Window is closing
2022-02-13 20:25:20,647 DEBUG Writing the configuration to JSON file
2022-02-13 20:25:20,649 DEBUG study set configuration was saved to JSON file
2022-02-13 20:30:18,377 INFO ============================================================
2022-02-13 20:30:18,377 INFO This is the beginning of a new run of the Study Cards application
2022-02-13 20:30:18,377 INFO ============================================================
2022-02-13 20:30:21,513 DEBUG The file work_file_1010.txt was found
2022-02-13 20:30:21,514 DEBUG No file importing was performed
2022-02-13 20:30:21,514 INFO Read work file: work_file_1010.txt
2022-02-13 20:30:21,527 DEBUG The 1st line from the work file: ['(il) Conoscere', 'to know', 'Italian tagged med{23231}', 'English tagged med{2}\n']
2022-02-13 20:30:21,586 DEBUG Checking for duplicates in study set:Test
2022-02-13 20:30:21,587 WARNING Possible duplicate terms were found:
2022-02-13 20:30:21,588 WARNING line number 0: (il) Conoscere  vs.  line number 2:     conoscere
2022-02-13 20:30:21,588 WARNING Possible duplicate terms were found:
2022-02-13 20:30:21,588 WARNING line number 7: la te  vs.  line number 8:  te
2022-02-13 20:30:21,594 INFO Study Set: Test 
2022-02-13 20:30:29,602 DEBUG TAG NEW!!!!!!!!! Module:presnt_frame Line:144
2022-02-13 20:30:34,287 INFO Main Window is closing
2022-02-13 20:30:34,287 DEBUG Writing the configuration to JSON file
2022-02-13 20:30:34,291 DEBUG study set configuration was saved to JSON file
2022-02-13 20:32:15,130 INFO ============================================================
2022-02-13 20:32:15,130 INFO This is the beginning of a new run of the Study Cards application
2022-02-13 20:32:15,130 INFO ============================================================
2022-02-13 20:32:17,801 DEBUG The file work_file_1010.txt was found
2022-02-13 20:32:17,802 DEBUG No file importing was performed
2022-02-13 20:32:17,802 INFO Read work file: work_file_1010.txt
2022-02-13 20:32:17,809 DEBUG The 1st line from the work file: ['(il) Conoscere', 'to know', 'Italian tagged med{23231}', 'English tagged high{32}\n']
2022-02-13 20:32:17,820 DEBUG Checking for duplicates in study set:Test
2022-02-13 20:32:17,821 WARNING Possible duplicate terms were found:
2022-02-13 20:32:17,821 WARNING line number 0: (il) Conoscere  vs.  line number 2:     conoscere
2022-02-13 20:32:17,821 WARNING Possible duplicate terms were found:
2022-02-13 20:32:17,821 WARNING line number 7: la te  vs.  line number 8:  te
2022-02-13 20:32:17,822 INFO Study Set: Test 
2022-02-13 20:32:20,761 DEBUG Tag history is  Module:presnt_frame Line:143
2022-02-13 20:32:22,519 INFO Main Window is closing
2022-02-13 20:32:22,520 DEBUG Writing the configuration to JSON file
2022-02-13 20:32:22,521 DEBUG study set configuration was saved to JSON file
2022-02-13 20:40:55,693 INFO ============================================================
2022-02-13 20:40:55,693 INFO This is the beginning of a new run of the Study Cards application
2022-02-13 20:40:55,693 INFO ============================================================
2022-02-13 20:40:58,385 DEBUG The file work_file_1010.txt was found
2022-02-13 20:40:58,386 DEBUG No file importing was performed
2022-02-13 20:40:58,387 INFO Read work file: work_file_1010.txt
2022-02-13 20:40:58,394 DEBUG The 1st line from the work file: ['(il) Conoscere', 'to know', 'Italian tagged med{23231}', 'English tagged high{32}\n']
2022-02-13 20:40:58,403 DEBUG Checking for duplicates in study set:Test
2022-02-13 20:40:58,403 WARNING Possible duplicate terms were found:
2022-02-13 20:40:58,403 WARNING line number 0: (il) Conoscere  vs.  line number 2:     conoscere
2022-02-13 20:40:58,403 WARNING Possible duplicate terms were found:
2022-02-13 20:40:58,403 WARNING line number 7: la te  vs.  line number 8:  te
2022-02-13 20:40:58,404 INFO Study Set: Test 
2022-02-13 20:41:00,932 DEBUG Tag history is:3 Module:presnt_frame Line:143
2022-02-13 20:41:03,328 INFO Main Window is closing
2022-02-13 20:41:03,329 DEBUG Writing the configuration to JSON file
2022-02-13 20:41:03,330 DEBUG study set configuration was saved to JSON file
